
Thanks for using JUnit! Support its development at https://junit.org/sponsoring

WARNING: A Java agent has been loaded dynamically (/Users/magnushansen/Movies/Roguelike/lib/byte-buddy-agent-1.14.11.jar)
WARNING: If a serviceability tool is in use, please run with -XX:+EnableDynamicAgentLoading to hide this warning
WARNING: If a serviceability tool is not in use, please run with -Djdk.instrument.traceUsage for more information
WARNING: Dynamic loading of agents will be disallowed by default in a future release
Java HotSpot(TM) 64-Bit Server VM warning: Sharing is only supported for boot loader classes because bootstrap classpath has been appended
Graphics Device initialization failed for :  sw
Error initializing QuantumRenderer: no suitable pipeline found
java.lang.RuntimeException: java.lang.RuntimeException: Error initializing QuantumRenderer: no suitable pipeline found
	at com.sun.javafx.tk.quantum.QuantumRenderer.getInstance(QuantumRenderer.java:283)
	at com.sun.javafx.tk.quantum.QuantumToolkit.init(QuantumToolkit.java:253)
	at com.sun.javafx.tk.Toolkit.getToolkit(Toolkit.java:268)
	at com.sun.javafx.application.PlatformImpl.isFxApplicationThread(PlatformImpl.java:428)
	at javafx.application.Platform.isFxApplicationThread(Platform.java:194)
	at utils.MockFactory.setupHeadless(MockFactory.java:41)
	at utils.MockFactory.<clinit>(MockFactory.java:17)
	at rougelike.game.entities.PlayerTest$CombatTests.shouldCreateProjectileWhenAttacking(PlayerTest.java:179)
	at java.base/jdk.internal.reflect.DirectMethodHandleAccessor.invoke(DirectMethodHandleAccessor.java:103)
	at java.base/java.lang.reflect.Method.invoke(Method.java:580)
	at org.junit.platform.commons.util.ReflectionUtils.invokeMethod(ReflectionUtils.java:728)
	at org.junit.jupiter.engine.execution.MethodInvocation.proceed(MethodInvocation.java:60)
	at org.junit.jupiter.engine.execution.InvocationInterceptorChain$ValidatingInvocation.proceed(InvocationInterceptorChain.java:131)
	at org.junit.jupiter.engine.extension.TimeoutExtension.intercept(TimeoutExtension.java:156)
	at org.junit.jupiter.engine.extension.TimeoutExtension.interceptTestableMethod(TimeoutExtension.java:147)
	at org.junit.jupiter.engine.extension.TimeoutExtension.interceptTestMethod(TimeoutExtension.java:86)
	at org.junit.jupiter.engine.execution.InterceptingExecutableInvoker$ReflectiveInterceptorCall.lambda$ofVoidMethod$0(InterceptingExecutableInvoker.java:103)
	at org.junit.jupiter.engine.execution.InterceptingExecutableInvoker.lambda$invoke$0(InterceptingExecutableInvoker.java:93)
	at org.junit.jupiter.engine.execution.InvocationInterceptorChain$InterceptedInvocation.proceed(InvocationInterceptorChain.java:106)
	at org.junit.jupiter.engine.execution.InvocationInterceptorChain.proceed(InvocationInterceptorChain.java:64)
	at org.junit.jupiter.engine.execution.InvocationInterceptorChain.chainAndInvoke(InvocationInterceptorChain.java:45)
	at org.junit.jupiter.engine.execution.InvocationInterceptorChain.invoke(InvocationInterceptorChain.java:37)
	at org.junit.jupiter.engine.execution.InterceptingExecutableInvoker.invoke(InterceptingExecutableInvoker.java:92)
	at org.junit.jupiter.engine.execution.InterceptingExecutableInvoker.invoke(InterceptingExecutableInvoker.java:86)
	at org.junit.jupiter.engine.descriptor.TestMethodTestDescriptor.lambda$invokeTestMethod$7(TestMethodTestDescriptor.java:218)
	at org.junit.platform.engine.support.hierarchical.ThrowableCollector.execute(ThrowableCollector.java:73)
	at org.junit.jupiter.engine.descriptor.TestMethodTestDescriptor.invokeTestMethod(TestMethodTestDescriptor.java:214)
	at org.junit.jupiter.engine.descriptor.TestMethodTestDescriptor.execute(TestMethodTestDescriptor.java:139)
	at org.junit.jupiter.engine.descriptor.TestMethodTestDescriptor.execute(TestMethodTestDescriptor.java:69)
	at org.junit.platform.engine.support.hierarchical.NodeTestTask.lambda$executeRecursively$6(NodeTestTask.java:151)
	at org.junit.platform.engine.support.hierarchical.ThrowableCollector.execute(ThrowableCollector.java:73)
	at org.junit.platform.engine.support.hierarchical.NodeTestTask.lambda$executeRecursively$8(NodeTestTask.java:141)
	at org.junit.platform.engine.support.hierarchical.Node.around(Node.java:137)
	at org.junit.platform.engine.support.hierarchical.NodeTestTask.lambda$executeRecursively$9(NodeTestTask.java:139)
	at org.junit.platform.engine.support.hierarchical.ThrowableCollector.execute(ThrowableCollector.java:73)
	at org.junit.platform.engine.support.hierarchical.NodeTestTask.executeRecursively(NodeTestTask.java:138)
	at org.junit.platform.engine.support.hierarchical.NodeTestTask.execute(NodeTestTask.java:95)
	at java.base/java.util.ArrayList.forEach(ArrayList.java:1596)
	at org.junit.platform.engine.support.hierarchical.SameThreadHierarchicalTestExecutorService.invokeAll(SameThreadHierarchicalTestExecutorService.java:41)
	at org.junit.platform.engine.support.hierarchical.NodeTestTask.lambda$executeRecursively$6(NodeTestTask.java:155)
	at org.junit.platform.engine.support.hierarchical.ThrowableCollector.execute(ThrowableCollector.java:73)
	at org.junit.platform.engine.support.hierarchical.NodeTestTask.lambda$executeRecursively$8(NodeTestTask.java:141)
	at org.junit.platform.engine.support.hierarchical.Node.around(Node.java:137)
	at org.junit.platform.engine.support.hierarchical.NodeTestTask.lambda$executeRecursively$9(NodeTestTask.java:139)
	at org.junit.platform.engine.support.hierarchical.ThrowableCollector.execute(ThrowableCollector.java:73)
	at org.junit.platform.engine.support.hierarchical.NodeTestTask.executeRecursively(NodeTestTask.java:138)
	at org.junit.platform.engine.support.hierarchical.NodeTestTask.execute(NodeTestTask.java:95)
	at java.base/java.util.ArrayList.forEach(ArrayList.java:1596)
	at org.junit.platform.engine.support.hierarchical.SameThreadHierarchicalTestExecutorService.invokeAll(SameThreadHierarchicalTestExecutorService.java:41)
	at org.junit.platform.engine.support.hierarchical.NodeTestTask.lambda$executeRecursively$6(NodeTestTask.java:155)
	at org.junit.platform.engine.support.hierarchical.ThrowableCollector.execute(ThrowableCollector.java:73)
	at org.junit.platform.engine.support.hierarchical.NodeTestTask.lambda$executeRecursively$8(NodeTestTask.java:141)
	at org.junit.platform.engine.support.hierarchical.Node.around(Node.java:137)
	at org.junit.platform.engine.support.hierarchical.NodeTestTask.lambda$executeRecursively$9(NodeTestTask.java:139)
	at org.junit.platform.engine.support.hierarchical.ThrowableCollector.execute(ThrowableCollector.java:73)
	at org.junit.platform.engine.support.hierarchical.NodeTestTask.executeRecursively(NodeTestTask.java:138)
	at org.junit.platform.engine.support.hierarchical.NodeTestTask.execute(NodeTestTask.java:95)
	at java.base/java.util.ArrayList.forEach(ArrayList.java:1596)
	at org.junit.platform.engine.support.hierarchical.SameThreadHierarchicalTestExecutorService.invokeAll(SameThreadHierarchicalTestExecutorService.java:41)
	at org.junit.platform.engine.support.hierarchical.NodeTestTask.lambda$executeRecursively$6(NodeTestTask.java:155)
	at org.junit.platform.engine.support.hierarchical.ThrowableCollector.execute(ThrowableCollector.java:73)
	at org.junit.platform.engine.support.hierarchical.NodeTestTask.lambda$executeRecursively$8(NodeTestTask.java:141)
	at org.junit.platform.engine.support.hierarchical.Node.around(Node.java:137)
	at org.junit.platform.engine.support.hierarchical.NodeTestTask.lambda$executeRecursively$9(NodeTestTask.java:139)
	at org.junit.platform.engine.support.hierarchical.ThrowableCollector.execute(ThrowableCollector.java:73)
	at org.junit.platform.engine.support.hierarchical.NodeTestTask.executeRecursively(NodeTestTask.java:138)
	at org.junit.platform.engine.support.hierarchical.NodeTestTask.execute(NodeTestTask.java:95)
	at org.junit.platform.engine.support.hierarchical.SameThreadHierarchicalTestExecutorService.submit(SameThreadHierarchicalTestExecutorService.java:35)
	at org.junit.platform.engine.support.hierarchical.HierarchicalTestExecutor.execute(HierarchicalTestExecutor.java:57)
	at org.junit.platform.engine.support.hierarchical.HierarchicalTestEngine.execute(HierarchicalTestEngine.java:54)
	at org.junit.platform.launcher.core.EngineExecutionOrchestrator.execute(EngineExecutionOrchestrator.java:198)
	at org.junit.platform.launcher.core.EngineExecutionOrchestrator.execute(EngineExecutionOrchestrator.java:169)
	at org.junit.platform.launcher.core.EngineExecutionOrchestrator.execute(EngineExecutionOrchestrator.java:93)
	at org.junit.platform.launcher.core.EngineExecutionOrchestrator.lambda$execute$0(EngineExecutionOrchestrator.java:58)
	at org.junit.platform.launcher.core.EngineExecutionOrchestrator.withInterceptedStreams(EngineExecutionOrchestrator.java:141)
	at org.junit.platform.launcher.core.EngineExecutionOrchestrator.execute(EngineExecutionOrchestrator.java:57)
	at org.junit.platform.launcher.core.DefaultLauncher.execute(DefaultLauncher.java:103)
	at org.junit.platform.launcher.core.DefaultLauncher.execute(DefaultLauncher.java:85)
	at org.junit.platform.launcher.core.DelegatingLauncher.execute(DelegatingLauncher.java:47)
	at org.junit.platform.launcher.core.SessionPerRequestLauncher.execute(SessionPerRequestLauncher.java:63)
	at org.junit.platform.console.tasks.ConsoleTestExecutor.executeTests(ConsoleTestExecutor.java:102)
	at org.junit.platform.console.tasks.ConsoleTestExecutor.lambda$execute$1(ConsoleTestExecutor.java:71)
	at org.junit.platform.console.tasks.CustomContextClassLoaderExecutor.replaceThreadContextClassLoaderAndInvoke(CustomContextClassLoaderExecutor.java:42)
	at org.junit.platform.console.tasks.CustomContextClassLoaderExecutor.invoke(CustomContextClassLoaderExecutor.java:33)
	at org.junit.platform.console.tasks.ConsoleTestExecutor.execute(ConsoleTestExecutor.java:71)
	at org.junit.platform.console.options.ExecuteTestsCommand.execute(ExecuteTestsCommand.java:61)
	at org.junit.platform.console.options.ExecuteTestsCommand.execute(ExecuteTestsCommand.java:27)
	at org.junit.platform.console.options.BaseCommand.call(BaseCommand.java:74)
	at org.junit.platform.console.shadow.picocli.CommandLine.executeUserObject(CommandLine.java:2041)
	at org.junit.platform.console.shadow.picocli.CommandLine.access$1500(CommandLine.java:148)
	at org.junit.platform.console.shadow.picocli.CommandLine$RunLast.executeUserObjectOfLastSubcommandWithSameParent(CommandLine.java:2461)
	at org.junit.platform.console.shadow.picocli.CommandLine$RunLast.handle(CommandLine.java:2453)
	at org.junit.platform.console.shadow.picocli.CommandLine$RunLast.handle(CommandLine.java:2415)
	at org.junit.platform.console.shadow.picocli.CommandLine$AbstractParseResultHandler.execute(CommandLine.java:2273)
	at org.junit.platform.console.shadow.picocli.CommandLine$RunLast.execute(CommandLine.java:2417)
	at org.junit.platform.console.shadow.picocli.CommandLine.execute(CommandLine.java:2170)
	at org.junit.platform.console.options.MainCommand.runCommand(MainCommand.java:137)
	at org.junit.platform.console.options.MainCommand.runCommand(MainCommand.java:129)
	at org.junit.platform.console.options.MainCommand.runCommand(MainCommand.java:93)
	at org.junit.platform.console.options.MainCommand.call(MainCommand.java:77)
	at org.junit.platform.console.shadow.picocli.CommandLine.executeUserObject(CommandLine.java:2041)
	at org.junit.platform.console.shadow.picocli.CommandLine.access$1500(CommandLine.java:148)
	at org.junit.platform.console.shadow.picocli.CommandLine$RunLast.executeUserObjectOfLastSubcommandWithSameParent(CommandLine.java:2461)
	at org.junit.platform.console.shadow.picocli.CommandLine$RunLast.handle(CommandLine.java:2453)
	at org.junit.platform.console.shadow.picocli.CommandLine$RunLast.handle(CommandLine.java:2415)
	at org.junit.platform.console.shadow.picocli.CommandLine$AbstractParseResultHandler.execute(CommandLine.java:2273)
	at org.junit.platform.console.shadow.picocli.CommandLine$RunLast.execute(CommandLine.java:2417)
	at org.junit.platform.console.shadow.picocli.CommandLine.execute(CommandLine.java:2170)
	at org.junit.platform.console.options.MainCommand.runCommand(MainCommand.java:137)
	at org.junit.platform.console.options.MainCommand.run(MainCommand.java:125)
	at org.junit.platform.console.options.CommandFacade.run(CommandFacade.java:36)
	at org.junit.platform.console.ConsoleLauncher.run(ConsoleLauncher.java:57)
	at org.junit.platform.console.ConsoleLauncher.run(ConsoleLauncher.java:42)
	at org.junit.platform.console.ConsoleLauncher.main(ConsoleLauncher.java:35)
Caused by: java.lang.RuntimeException: Error initializing QuantumRenderer: no suitable pipeline found
	at com.sun.javafx.tk.quantum.QuantumRenderer$PipelineRunnable.init(QuantumRenderer.java:95)
	at com.sun.javafx.tk.quantum.QuantumRenderer$PipelineRunnable.run(QuantumRenderer.java:125)
	at java.base/java.lang.Thread.run(Thread.java:1583)
JavaFX Platform initialization failed: No toolkit found
Player healed by 150 points. Current health: 100
Player defeated!
Player healed by 25 points. Current health: 75
[36mâ•·[0m
[36mâ”œâ”€[0m [36mJUnit Jupiter[0m [32mâœ”[0m
[36mâ”‚  â””â”€[0m [36mPlayer Entity Tests[0m [32mâœ”[0m
[36mâ”‚     â”œâ”€[0m [36mAnimation Tests[0m [32mâœ”[0m
[36mâ”‚     â”‚  â”œâ”€[0m [34mShould update animation when moving[0m [32mâœ”[0m
[36mâ”‚     â”‚  â””â”€[0m [34mShould update animation when idle[0m [32mâœ”[0m
[36mâ”‚     â”œâ”€[0m [36mCombat Tests[0m [32mâœ”[0m
[36mâ”‚     â”‚  â”œâ”€[0m [34mShould create projectile when attacking[0m [32mâœ”[0m
[36mâ”‚     â”‚  â”œâ”€[0m [34mShould attack in facing direction when stationary[0m [32mâœ”[0m
[36mâ”‚     â”‚  â”œâ”€[0m [34mShould create projectile with correct damage[0m [32mâœ”[0m
[36mâ”‚     â”‚  â””â”€[0m [34mShould attack in movement direction when moving[0m [32mâœ”[0m
[36mâ”‚     â”œâ”€[0m [36mMovement Tests[0m [32mâœ”[0m
[36mâ”‚     â”‚  â”œâ”€[0m [34mShould move down correctly[0m [32mâœ”[0m
[36mâ”‚     â”‚  â”œâ”€[0m [34mShould move right correctly[0m [32mâœ”[0m
[36mâ”‚     â”‚  â”œâ”€[0m [34mShould handle diagonal movement[0m [32mâœ”[0m
[36mâ”‚     â”‚  â”œâ”€[0m [34mShould stop moving when stop methods called[0m [32mâœ”[0m
[36mâ”‚     â”‚  â”œâ”€[0m [34mShould move up correctly[0m [32mâœ”[0m
[36mâ”‚     â”‚  â””â”€[0m [34mShould move left correctly[0m [32mâœ”[0m
[36mâ”‚     â”œâ”€[0m [36mHealth Management Tests[0m [32mâœ”[0m
[36mâ”‚     â”‚  â”œâ”€[0m [34mShould have damage immunity period[0m [32mâœ”[0m
[36mâ”‚     â”‚  â”œâ”€[0m [34mShould not heal above max health[0m [32mâœ”[0m
[36mâ”‚     â”‚  â”œâ”€[0m [34mShould take damage correctly[0m [32mâœ”[0m
[36mâ”‚     â”‚  â”œâ”€[0m [34mShould die when health reaches zero[0m [32mâœ”[0m
[36mâ”‚     â”‚  â””â”€[0m [34mShould heal player correctly[0m [32mâœ”[0m
[36mâ”‚     â””â”€[0m [36mInitialization Tests[0m [32mâœ”[0m
[36mâ”‚        â””â”€[0m [34mShould initialize player with correct values[0m [32mâœ”[0m
[36mâ”œâ”€[0m [36mJUnit Vintage[0m [32mâœ”[0m
[36mâ””â”€[0m [36mJUnit Platform Suite[0m [32mâœ”[0m

Test run finished after 632 ms
[         9 containers found      ]
[         0 containers skipped    ]
[         9 containers started    ]
[         0 containers aborted    ]
[         9 containers successful ]
[         0 containers failed     ]
[        18 tests found           ]
[         0 tests skipped         ]
[        18 tests started         ]
[         0 tests aborted         ]
[        18 tests successful      ]
[         0 tests failed          ]


WARNING: Delegated to the 'execute' command.
         This behaviour has been deprecated and will be removed in a future release.
         Please use the 'execute' command directly.
